build/intermediates/manifest_merge_blame_file/release/processReleaseManifest/manifest-merger-blame-release-report.txt
1<?xml version="1.0" encoding="utf-8"?>
2<manifest xmlns:android="http://schemas.android.com/apk/res/android"
3    package="com.data.hostedpayments" >
4
5    <uses-sdk android:minSdkVersion="23" />
6
7    <uses-permission android:name="android.permission.ACCESS_NETWORK_STATE" />
7-->src\main\AndroidManifest.xml:4:5-79
7-->src\main\AndroidManifest.xml:4:22-76
8    <uses-permission android:name="android.permission.INTERNET" />
8-->src\main\AndroidManifest.xml:5:5-67
8-->src\main\AndroidManifest.xml:5:22-64
9    <uses-permission android:name="android.permission.ACCESS_WIFI_STATE" />
9-->src\main\AndroidManifest.xml:6:5-76
9-->src\main\AndroidManifest.xml:6:22-73
10
11    <queries>
11-->src\main\AndroidManifest.xml:7:5-21:15
12        <intent>
12-->src\main\AndroidManifest.xml:8:9-11:18
13            <action android:name="android.intent.action.VIEW" />
13-->src\main\AndroidManifest.xml:9:13-65
13-->src\main\AndroidManifest.xml:9:21-62
14
15            <data android:scheme="upi" />
15-->src\main\AndroidManifest.xml:10:13-42
15-->src\main\AndroidManifest.xml:10:19-39
16        </intent>
17        <intent>
17-->src\main\AndroidManifest.xml:12:9-15:18
18            <action android:name="android.intent.action.VIEW" />
18-->src\main\AndroidManifest.xml:9:13-65
18-->src\main\AndroidManifest.xml:9:21-62
19
20            <data
20-->src\main\AndroidManifest.xml:10:13-42
21                android:host="pay"
21-->src\main\AndroidManifest.xml:14:40-58
22                android:scheme="upi" />
22-->src\main\AndroidManifest.xml:10:19-39
23        </intent>
24
25        <package android:name="com.google.android.apps.nbu.paisa.user" />
25-->src\main\AndroidManifest.xml:16:9-74
25-->src\main\AndroidManifest.xml:16:18-71
26        <package android:name="com.phonepe.app" />
26-->src\main\AndroidManifest.xml:17:9-51
26-->src\main\AndroidManifest.xml:17:18-48
27        <package android:name="net.one97.paytm" />
27-->src\main\AndroidManifest.xml:18:9-51
27-->src\main\AndroidManifest.xml:18:18-48
28        <package android:name="in.org.npci.upiapp" />
28-->src\main\AndroidManifest.xml:19:9-54
28-->src\main\AndroidManifest.xml:19:18-51
29        <package android:name="com.dreamplug.androidapp" />
29-->src\main\AndroidManifest.xml:20:9-60
29-->src\main\AndroidManifest.xml:20:18-57
30    </queries>
31
32    <application android:networkSecurityConfig="@xml/network_security_config" >
32-->src\main\AndroidManifest.xml:22:5-35:19
32-->src\main\AndroidManifest.xml:22:18-78
33        <activity
33-->src\main\AndroidManifest.xml:23:9-25:40
34            android:name="com.data.hostedpayments.Activity.Checkout"
34-->src\main\AndroidManifest.xml:24:13-46
35            android:exported="false" />
35-->src\main\AndroidManifest.xml:25:13-37
36        <activity
36-->src\main\AndroidManifest.xml:26:9-28:40
37            android:name="com.data.hostedpayments.Activity.PaymentOptionsActivity"
37-->src\main\AndroidManifest.xml:27:13-60
38            android:exported="false" />
38-->src\main\AndroidManifest.xml:28:13-37
39
40        <uses-library
40-->src\main\AndroidManifest.xml:30:9-32:40
41            android:name="org.apache.http.legacy"
41-->src\main\AndroidManifest.xml:31:13-50
42            android:required="false" />
42-->src\main\AndroidManifest.xml:32:13-37
43    </application>
44
45</manifest>